Doxygen version used: 1.9.1
Searching for include files...
Searching for example files...
Searching for images...
Searching for dot files...
Searching for msc files...
Searching for dia files...
Searching for files to exclude
Searching INPUT for files to process...
Searching for files in directory /mnt/c/Users/cisco/Desktop/dev/research/ziXn/core/include
Searching for files in directory /mnt/c/Users/cisco/Desktop/dev/research/ziXn/core/include/zx
Searching for files in directory /mnt/c/Users/cisco/Desktop/dev/research/ziXn/core/src
Reading and parsing tag files
Parsing files
Preprocessing /mnt/c/Users/cisco/Desktop/dev/research/ziXn/core/include/zx/zx_abi.h...
Parsing file /mnt/c/Users/cisco/Desktop/dev/research/ziXn/core/include/zx/zx_abi.h...
Preprocessing /mnt/c/Users/cisco/Desktop/dev/research/ziXn/core/include/zx/zx_apic_ref.h...
Parsing file /mnt/c/Users/cisco/Desktop/dev/research/ziXn/core/include/zx/zx_apic_ref.h...
Preprocessing /mnt/c/Users/cisco/Desktop/dev/research/ziXn/core/include/zx/zx_authoring.h...
Parsing file /mnt/c/Users/cisco/Desktop/dev/research/ziXn/core/include/zx/zx_authoring.h...
Preprocessing /mnt/c/Users/cisco/Desktop/dev/research/ziXn/core/include/zx/zx_checksum.h...
Parsing file /mnt/c/Users/cisco/Desktop/dev/research/ziXn/core/include/zx/zx_checksum.h...
Preprocessing /mnt/c/Users/cisco/Desktop/dev/research/ziXn/core/include/zx/zx_constitutive_ref.h...
Parsing file /mnt/c/Users/cisco/Desktop/dev/research/ziXn/core/include/zx/zx_constitutive_ref.h...
Preprocessing /mnt/c/Users/cisco/Desktop/dev/research/ziXn/core/include/zx/zx_contact_ref.h...
Parsing file /mnt/c/Users/cisco/Desktop/dev/research/ziXn/core/include/zx/zx_contact_ref.h...
Preprocessing /mnt/c/Users/cisco/Desktop/dev/research/ziXn/core/include/zx/zx_determinism.h...
Parsing file /mnt/c/Users/cisco/Desktop/dev/research/ziXn/core/include/zx/zx_determinism.h...
Preprocessing /mnt/c/Users/cisco/Desktop/dev/research/ziXn/core/include/zx/zx_hbp.h...
Parsing file /mnt/c/Users/cisco/Desktop/dev/research/ziXn/core/include/zx/zx_hbp.h...
Preprocessing /mnt/c/Users/cisco/Desktop/dev/research/ziXn/core/include/zx/zx_heave_validation.h...
Parsing file /mnt/c/Users/cisco/Desktop/dev/research/ziXn/core/include/zx/zx_heave_validation.h...
Preprocessing /mnt/c/Users/cisco/Desktop/dev/research/ziXn/core/include/zx/zx_integration.h...
Parsing file /mnt/c/Users/cisco/Desktop/dev/research/ziXn/core/include/zx/zx_integration.h...
Preprocessing /mnt/c/Users/cisco/Desktop/dev/research/ziXn/core/include/zx/zx_lod.h...
Parsing file /mnt/c/Users/cisco/Desktop/dev/research/ziXn/core/include/zx/zx_lod.h...
Preprocessing /mnt/c/Users/cisco/Desktop/dev/research/ziXn/core/include/zx/zx_mg.h...
Parsing file /mnt/c/Users/cisco/Desktop/dev/research/ziXn/core/include/zx/zx_mg.h...
Preprocessing /mnt/c/Users/cisco/Desktop/dev/research/ziXn/core/include/zx/zx_mixture.h...
Parsing file /mnt/c/Users/cisco/Desktop/dev/research/ziXn/core/include/zx/zx_mixture.h...
Preprocessing /mnt/c/Users/cisco/Desktop/dev/research/ziXn/core/include/zx/zx_pcg.h...
Parsing file /mnt/c/Users/cisco/Desktop/dev/research/ziXn/core/include/zx/zx_pcg.h...
Preprocessing /mnt/c/Users/cisco/Desktop/dev/research/ziXn/core/include/zx/zx_presets.h...
Parsing file /mnt/c/Users/cisco/Desktop/dev/research/ziXn/core/include/zx/zx_presets.h...
Preprocessing /mnt/c/Users/cisco/Desktop/dev/research/ziXn/core/include/zx/zx_residency.h...
Parsing file /mnt/c/Users/cisco/Desktop/dev/research/ziXn/core/include/zx/zx_residency.h...
Preprocessing /mnt/c/Users/cisco/Desktop/dev/research/ziXn/core/include/zx/zx_telemetry.h...
Parsing file /mnt/c/Users/cisco/Desktop/dev/research/ziXn/core/include/zx/zx_telemetry.h...
Preprocessing /mnt/c/Users/cisco/Desktop/dev/research/ziXn/core/include/zx/zx_tiles.h...
Parsing file /mnt/c/Users/cisco/Desktop/dev/research/ziXn/core/include/zx/zx_tiles.h...
Preprocessing /mnt/c/Users/cisco/Desktop/dev/research/ziXn/core/include/zx/zx_tiles_api.h...
Parsing file /mnt/c/Users/cisco/Desktop/dev/research/ziXn/core/include/zx/zx_tiles_api.h...
Preprocessing /mnt/c/Users/cisco/Desktop/dev/research/ziXn/core/include/zx/zx_validation.h...
Parsing file /mnt/c/Users/cisco/Desktop/dev/research/ziXn/core/include/zx/zx_validation.h...
Preprocessing /mnt/c/Users/cisco/Desktop/dev/research/ziXn/core/include/zx/zx_writeback.h...
Parsing file /mnt/c/Users/cisco/Desktop/dev/research/ziXn/core/include/zx/zx_writeback.h...
Preprocessing /mnt/c/Users/cisco/Desktop/dev/research/ziXn/core/src/zx_api.cpp...
Parsing file /mnt/c/Users/cisco/Desktop/dev/research/ziXn/core/src/zx_api.cpp...
Preprocessing /mnt/c/Users/cisco/Desktop/dev/research/ziXn/core/src/zx_apic_ref.cpp...
Parsing file /mnt/c/Users/cisco/Desktop/dev/research/ziXn/core/src/zx_apic_ref.cpp...
Preprocessing /mnt/c/Users/cisco/Desktop/dev/research/ziXn/core/src/zx_authoring.cpp...
Parsing file /mnt/c/Users/cisco/Desktop/dev/research/ziXn/core/src/zx_authoring.cpp...
Preprocessing /mnt/c/Users/cisco/Desktop/dev/research/ziXn/core/src/zx_checksum.cpp...
Parsing file /mnt/c/Users/cisco/Desktop/dev/research/ziXn/core/src/zx_checksum.cpp...
Preprocessing /mnt/c/Users/cisco/Desktop/dev/research/ziXn/core/src/zx_constitutive_ref.cpp...
Parsing file /mnt/c/Users/cisco/Desktop/dev/research/ziXn/core/src/zx_constitutive_ref.cpp...
Preprocessing /mnt/c/Users/cisco/Desktop/dev/research/ziXn/core/src/zx_contact_ref.cpp...
Parsing file /mnt/c/Users/cisco/Desktop/dev/research/ziXn/core/src/zx_contact_ref.cpp...
Preprocessing /mnt/c/Users/cisco/Desktop/dev/research/ziXn/core/src/zx_determinism.cpp...
Parsing file /mnt/c/Users/cisco/Desktop/dev/research/ziXn/core/src/zx_determinism.cpp...
Preprocessing /mnt/c/Users/cisco/Desktop/dev/research/ziXn/core/src/zx_hbp.cpp...
Parsing file /mnt/c/Users/cisco/Desktop/dev/research/ziXn/core/src/zx_hbp.cpp...
Preprocessing /mnt/c/Users/cisco/Desktop/dev/research/ziXn/core/src/zx_heave_validation.cpp...
Parsing file /mnt/c/Users/cisco/Desktop/dev/research/ziXn/core/src/zx_heave_validation.cpp...
Preprocessing /mnt/c/Users/cisco/Desktop/dev/research/ziXn/core/src/zx_integration.cpp...
Parsing file /mnt/c/Users/cisco/Desktop/dev/research/ziXn/core/src/zx_integration.cpp...
Preprocessing /mnt/c/Users/cisco/Desktop/dev/research/ziXn/core/src/zx_lod.cpp...
Parsing file /mnt/c/Users/cisco/Desktop/dev/research/ziXn/core/src/zx_lod.cpp...
Preprocessing /mnt/c/Users/cisco/Desktop/dev/research/ziXn/core/src/zx_mg.cpp...
Parsing file /mnt/c/Users/cisco/Desktop/dev/research/ziXn/core/src/zx_mg.cpp...
Preprocessing /mnt/c/Users/cisco/Desktop/dev/research/ziXn/core/src/zx_mixture.cpp...
Parsing file /mnt/c/Users/cisco/Desktop/dev/research/ziXn/core/src/zx_mixture.cpp...
Preprocessing /mnt/c/Users/cisco/Desktop/dev/research/ziXn/core/src/zx_pcg.cpp...
Parsing file /mnt/c/Users/cisco/Desktop/dev/research/ziXn/core/src/zx_pcg.cpp...
Preprocessing /mnt/c/Users/cisco/Desktop/dev/research/ziXn/core/src/zx_presets.cpp...
Parsing file /mnt/c/Users/cisco/Desktop/dev/research/ziXn/core/src/zx_presets.cpp...
Preprocessing /mnt/c/Users/cisco/Desktop/dev/research/ziXn/core/src/zx_residency.cpp...
Parsing file /mnt/c/Users/cisco/Desktop/dev/research/ziXn/core/src/zx_residency.cpp...
Preprocessing /mnt/c/Users/cisco/Desktop/dev/research/ziXn/core/src/zx_telemetry.cpp...
Parsing file /mnt/c/Users/cisco/Desktop/dev/research/ziXn/core/src/zx_telemetry.cpp...
Preprocessing /mnt/c/Users/cisco/Desktop/dev/research/ziXn/core/src/zx_tiles.cpp...
Parsing file /mnt/c/Users/cisco/Desktop/dev/research/ziXn/core/src/zx_tiles.cpp...
Preprocessing /mnt/c/Users/cisco/Desktop/dev/research/ziXn/core/src/zx_validation.cpp...
Parsing file /mnt/c/Users/cisco/Desktop/dev/research/ziXn/core/src/zx_validation.cpp...
Preprocessing /mnt/c/Users/cisco/Desktop/dev/research/ziXn/core/src/zx_writeback.cpp...
Parsing file /mnt/c/Users/cisco/Desktop/dev/research/ziXn/core/src/zx_writeback.cpp...
Building macro definition list...
Building group list...
Building directory list...
Building namespace list...
Building file list...
Building class list...
Computing nesting relations for classes...
Associating documentation with classes...
Building example list...
Searching for enumerations...
Searching for documented typedefs...
Searching for members imported via using declarations...
Searching for included using directives...
Searching for documented variables...
Building interface member list...
Building member list...
Searching for friends...
Searching for documented defines...
Computing class inheritance relations...
Computing class usage relations...
Flushing cached template relations that have become invalid...
Computing class relations...
Add enum values to enums...
Searching for member function documentation...
Creating members for template instances...
Building page list...
Search for main page...
Computing page relations...
Determining the scope of groups...
Sorting lists...
Determining which enums are documented
Computing member relations...
Building full member lists recursively...
Adding members to member groups.
Computing member references...
Inheriting documentation...
Generating disk names...
Adding source references...
Adding xrefitems...
Sorting member lists...
Setting anonymous enum type...
Computing dependencies between directories...
Generating citations page...
Counting members...
Counting data structures...
Resolving user defined references...
Finding anchors and sections in the documentation...
Transferring function references...
Combining using relations...
Adding members to index pages...
Correcting members for VHDL...
Computing tooltip texts...
Generating style sheet...
Generating search indices...
Generating example documentation...
Generating file sources...
Generating code for file core/include/zx/zx_abi.h...
Generating code for file core/include/zx/zx_apic_ref.h...
Generating code for file core/include/zx/zx_authoring.h...
Generating code for file core/include/zx/zx_checksum.h...
Generating code for file core/include/zx/zx_constitutive_ref.h...
Generating code for file core/include/zx/zx_contact_ref.h...
Generating code for file core/include/zx/zx_determinism.h...
Generating code for file core/include/zx/zx_hbp.h...
Generating code for file core/include/zx/zx_heave_validation.h...
Generating code for file core/include/zx/zx_integration.h...
Generating code for file core/include/zx/zx_lod.h...
Generating code for file core/include/zx/zx_mg.h...
Generating code for file core/include/zx/zx_mixture.h...
Generating code for file core/include/zx/zx_pcg.h...
Generating code for file core/include/zx/zx_presets.h...
Generating code for file core/include/zx/zx_residency.h...
Generating code for file core/include/zx/zx_telemetry.h...
Generating code for file core/include/zx/zx_tiles.h...
Generating code for file core/include/zx/zx_tiles_api.h...
Generating code for file core/include/zx/zx_validation.h...
Generating code for file core/include/zx/zx_writeback.h...
Generating file documentation...
Generating docs for file core/include/zx/zx_abi.h...
Generating docs for file core/include/zx/zx_apic_ref.h...
Generating docs for file core/include/zx/zx_authoring.h...
Generating docs for file core/include/zx/zx_checksum.h...
Generating docs for file core/include/zx/zx_constitutive_ref.h...
Generating docs for file core/include/zx/zx_contact_ref.h...
Generating docs for file core/include/zx/zx_determinism.h...
Generating docs for file core/include/zx/zx_hbp.h...
Generating docs for file core/include/zx/zx_heave_validation.h...
Generating docs for file core/include/zx/zx_integration.h...
Generating docs for file core/include/zx/zx_lod.h...
Generating docs for file core/include/zx/zx_mg.h...
Generating docs for file core/include/zx/zx_mixture.h...
Generating docs for file core/include/zx/zx_pcg.h...
Generating docs for file core/include/zx/zx_presets.h...
Generating docs for file core/include/zx/zx_residency.h...
Generating docs for file core/include/zx/zx_telemetry.h...
Generating docs for file core/include/zx/zx_tiles.h...
Generating docs for file core/include/zx/zx_tiles_api.h...
Generating docs for file core/include/zx/zx_validation.h...
Generating docs for file core/include/zx/zx_writeback.h...
Generating docs for file core/src/zx_api.cpp...
Generating docs for file core/src/zx_apic_ref.cpp...
Generating docs for file core/src/zx_authoring.cpp...
Generating docs for file core/src/zx_checksum.cpp...
Generating docs for file core/src/zx_constitutive_ref.cpp...
Generating docs for file core/src/zx_contact_ref.cpp...
Generating docs for file core/src/zx_determinism.cpp...
Generating docs for file core/src/zx_hbp.cpp...
Generating docs for file core/src/zx_heave_validation.cpp...
Generating docs for file core/src/zx_integration.cpp...
Generating docs for file core/src/zx_lod.cpp...
Generating docs for file core/src/zx_mg.cpp...
Generating docs for file core/src/zx_mixture.cpp...
Generating docs for file core/src/zx_pcg.cpp...
Generating docs for file core/src/zx_presets.cpp...
Generating docs for file core/src/zx_residency.cpp...
Generating docs for file core/src/zx_telemetry.cpp...
Generating docs for file core/src/zx_tiles.cpp...
Generating docs for file core/src/zx_validation.cpp...
Generating docs for file core/src/zx_writeback.cpp...
Generating page documentation...
Generating group documentation...
Generating class documentation...
Generating docs for compound PresetRow...
Generating docs for compound TileState...
Generating docs for compound zx_bogging_metrics...
Generating docs for compound zx_bogging_params...
Generating docs for compound zx_cap_params...
Generating docs for compound zx_context_desc...
Generating docs for compound zx_counters...
Generating docs for compound zx_dambreak_metrics...
Generating docs for compound zx_dambreak_params...
Generating docs for compound zx_device_desc...
Generating docs for compound zx_dp_params...
Generating docs for compound zx_elastic_params...
Generating docs for compound zx_frame_begin...
Generating docs for compound zx_frame_end...
Generating docs for compound zx_hbp_params...
Generating docs for compound zx_heave_params...
Generating docs for compound zx_lod_fallback_policy...
Generating docs for compound zx_lod_fallback_state...
Generating docs for compound zx_mat3...
Generating docs for compound zx_material_desc...
Generating docs for compound zx_mc_params...
Generating docs for compound zx_mg_context...
Generating docs for compound zx_mg_level...
Generating docs for compound zx_mg_opts...
Generating docs for compound zx_mixture_params...
Generating docs for compound zx_norsand_params...
Generating docs for compound zx_norsand_state...
Generating docs for compound zx_particle_soa...
Generating docs for compound zx_pcg_opts...
Generating docs for compound zx_procs...
Generating docs for compound zx_puddle_metrics...
Generating docs for compound zx_puddle_params...
Generating docs for compound zx_rect...
Generating docs for compound zx_residency...
Generating docs for compound zx_residency_opts...
Generating docs for compound zx_rig_desc...
Generating docs for compound zx_sample...
Generating docs for compound zx_scene_desc...
Generating docs for compound zx_sim_params...
Generating docs for compound zx_telemetry...
Generating docs for compound zx_tile...
Generating docs for compound zx_tile_node...
Generating docs for compound zx_ui_sand...
Generating docs for compound zx_ui_snow...
Generating docs for compound zx_vec3...
Generating docs for compound zx_write_target...
Generating docs for compound zx_writeback_desc...
Generating namespace index...
Generating graph info page...
Generating directory documentation...
Generating dependency graph for directory core
Generating dependency graph for directory core/src
Generating index page...
Generating page index...
Generating module index...
Generating namespace index...
Generating namespace member index...
Generating annotated compound index...
Generating alphabetical compound index...
Generating hierarchical class index...
Generating graphical class hierarchy...
Generating member index...
Generating file index...
Generating file member index...
Generating example index...
finalizing index lists...
writing tag file...
Running plantuml with JAVA...
Running dot...
lookup cache used 496/65536 hits=2942 misses=543
finished...
